{"level":"info","message":"listening to port 3000","timestamp":"2019-11-20T02:41:19.784Z"}
{"level":"info","message":"listening to port 3000","timestamp":"2019-11-20T02:42:36.271Z"}
{"level":"info","message":"Connected to mongodb://localhost/upstacks..","timestamp":"2019-11-20T02:42:36.300Z"}
{"level":"info","message":"listening to port 3000","timestamp":"2019-11-20T02:57:01.064Z"}
{"level":"info","message":"Connected to mongodb://localhost/upstacks..","timestamp":"2019-11-20T02:57:01.092Z"}
{"level":"info","message":"listening to port 3000","timestamp":"2019-11-20T02:58:55.687Z"}
{"level":"info","message":"Connected to mongodb://localhost/upstacks..","timestamp":"2019-11-20T02:58:55.709Z"}
{"level":"info","message":"listening to port 3000","timestamp":"2019-11-20T02:59:46.941Z"}
{"level":"info","message":"Connected to mongodb://localhost/upstacks..","timestamp":"2019-11-20T02:59:46.963Z"}
{"level":"info","message":"listening to port 3000","timestamp":"2019-11-20T02:59:56.023Z"}
{"level":"info","message":"Connected to mongodb://localhost/upstacks..","timestamp":"2019-11-20T02:59:56.043Z"}
{"level":"info","message":"listening to port 3000","timestamp":"2019-11-20T03:00:25.900Z"}
{"level":"info","message":"Connected to mongodb://localhost/upstacks..","timestamp":"2019-11-20T03:00:25.945Z"}
{"level":"info","message":"listening to port 3000","timestamp":"2019-11-20T03:00:27.846Z"}
{"level":"info","message":"Connected to mongodb://localhost/upstacks..","timestamp":"2019-11-20T03:00:27.867Z"}
{"level":"info","message":"listening to port 3000","timestamp":"2019-11-20T03:00:42.318Z"}
{"level":"info","message":"Connected to mongodb://localhost/upstacks..","timestamp":"2019-11-20T03:00:42.344Z"}
{"level":"info","message":"listening to port 3000","timestamp":"2019-11-20T03:02:03.104Z"}
{"level":"info","message":"Connected to mongodb://localhost/upstacks..","timestamp":"2019-11-20T03:02:03.127Z"}
{"level":"info","message":"listening to port 3000","timestamp":"2019-11-20T03:02:07.208Z"}
{"level":"info","message":"Connected to mongodb://localhost/upstacks..","timestamp":"2019-11-20T03:02:07.235Z"}
{"level":"info","message":"listening to port 3000","timestamp":"2019-11-20T03:02:10.619Z"}
{"level":"info","message":"Connected to mongodb://localhost/upstacks..","timestamp":"2019-11-20T03:02:10.679Z"}
{"level":"info","message":"listening to port 3000","timestamp":"2019-11-20T03:02:23.469Z"}
{"level":"info","message":"Connected to mongodb://localhost/upstacks..","timestamp":"2019-11-20T03:02:23.492Z"}
{"level":"info","message":"listening to port 3000","timestamp":"2019-11-20T03:02:25.291Z"}
{"level":"info","message":"Connected to mongodb://localhost/upstacks..","timestamp":"2019-11-20T03:02:25.316Z"}
{"level":"info","message":"listening to port 3000","timestamp":"2019-11-20T03:03:41.048Z"}
{"level":"info","message":"Connected to mongodb://localhost/upstacks..","timestamp":"2019-11-20T03:03:41.069Z"}
{"level":"info","message":"listening to port 3000","timestamp":"2019-11-20T03:07:20.776Z"}
{"level":"info","message":"Connected to mongodb://localhost/upstacks..","timestamp":"2019-11-20T03:07:20.814Z"}
{"level":"info","message":"listening to port 3000","timestamp":"2019-11-20T03:07:23.613Z"}
{"level":"info","message":"Connected to mongodb://localhost/upstacks..","timestamp":"2019-11-20T03:07:23.642Z"}
{"level":"info","message":"listening to port 3000","timestamp":"2019-11-20T03:07:26.722Z"}
{"level":"info","message":"Connected to mongodb://localhost/upstacks..","timestamp":"2019-11-20T03:07:26.744Z"}
{"level":"info","message":"listening to port 3000","timestamp":"2019-11-20T03:07:35.283Z"}
{"level":"info","message":"Connected to mongodb://localhost/upstacks..","timestamp":"2019-11-20T03:07:35.307Z"}
{"level":"info","message":"listening to port 3000","timestamp":"2019-11-20T03:08:23.667Z"}
{"level":"info","message":"Connected to mongodb://localhost/upstacks..","timestamp":"2019-11-20T03:08:23.711Z"}
{"level":"info","message":"listening to port 3000","timestamp":"2019-11-20T03:08:35.619Z"}
{"level":"info","message":"Connected to mongodb://localhost/upstacks..","timestamp":"2019-11-20T03:08:35.642Z"}
{"level":"info","message":"listening to port 3000","timestamp":"2019-11-20T03:08:40.104Z"}
{"level":"info","message":"Connected to mongodb://localhost/upstacks..","timestamp":"2019-11-20T03:08:40.132Z"}
{"level":"info","message":"listening to port 3000","timestamp":"2019-11-20T03:08:46.399Z"}
{"level":"info","message":"Connected to mongodb://localhost/upstacks..","timestamp":"2019-11-20T03:08:46.422Z"}
{"level":"info","message":"listening to port 3000","timestamp":"2019-11-20T03:08:54.904Z"}
{"level":"info","message":"Connected to mongodb://localhost/upstacks..","timestamp":"2019-11-20T03:08:54.930Z"}
{"level":"info","message":"listening to port 3000","timestamp":"2019-11-20T03:09:02.214Z"}
{"level":"info","message":"Connected to mongodb://localhost/upstacks..","timestamp":"2019-11-20T03:09:02.238Z"}
{"level":"info","message":"listening to port 3000","timestamp":"2019-11-20T03:09:05.440Z"}
{"level":"info","message":"Connected to mongodb://localhost/upstacks..","timestamp":"2019-11-20T03:09:05.464Z"}
{"level":"info","message":"listening to port 3000","timestamp":"2019-11-20T03:09:07.525Z"}
{"level":"info","message":"Connected to mongodb://localhost/upstacks..","timestamp":"2019-11-20T03:09:07.546Z"}
{"level":"info","message":"listening to port 3000","timestamp":"2019-11-20T03:11:31.860Z"}
{"level":"info","message":"Connected to mongodb://localhost/upstacks..","timestamp":"2019-11-20T03:11:31.880Z"}
{"level":"info","message":"listening to port 3000","timestamp":"2019-11-20T03:11:39.910Z"}
{"level":"info","message":"Connected to mongodb://localhost/upstacks..","timestamp":"2019-11-20T03:11:39.929Z"}
{"message":"Cannot read property 'find' of undefined","stack":"TypeError: Cannot read property 'find' of undefined\n    at router.get (/Users/amruthamuraleedharan/upstacks-node-api/routes/populars.js:9:34)\n    at /Users/amruthamuraleedharan/upstacks-node-api/node_modules/express-async-errors/index.js:17:20\n    at Layer.handle [as handle_request] (/Users/amruthamuraleedharan/upstacks-node-api/node_modules/express/lib/router/layer.js:95:5)\n    at next (/Users/amruthamuraleedharan/upstacks-node-api/node_modules/express/lib/router/route.js:137:13)\n    at Route.dispatch (/Users/amruthamuraleedharan/upstacks-node-api/node_modules/express/lib/router/route.js:112:3)\n    at /Users/amruthamuraleedharan/upstacks-node-api/node_modules/express-async-errors/index.js:17:20\n    at Layer.handle [as handle_request] (/Users/amruthamuraleedharan/upstacks-node-api/node_modules/express/lib/router/layer.js:95:5)\n    at /Users/amruthamuraleedharan/upstacks-node-api/node_modules/express/lib/router/index.js:281:22\n    at Function.process_params (/Users/amruthamuraleedharan/upstacks-node-api/node_modules/express/lib/router/index.js:335:12)\n    at next (/Users/amruthamuraleedharan/upstacks-node-api/node_modules/express/lib/router/index.js:275:10)\n    at Function.handle (/Users/amruthamuraleedharan/upstacks-node-api/node_modules/express/lib/router/index.js:174:3)\n    at router (/Users/amruthamuraleedharan/upstacks-node-api/node_modules/express/lib/router/index.js:47:12)\n    at /Users/amruthamuraleedharan/upstacks-node-api/node_modules/express-async-errors/index.js:17:20\n    at Layer.handle [as handle_request] (/Users/amruthamuraleedharan/upstacks-node-api/node_modules/express/lib/router/layer.js:95:5)\n    at trim_prefix (/Users/amruthamuraleedharan/upstacks-node-api/node_modules/express/lib/router/index.js:317:13)\n    at /Users/amruthamuraleedharan/upstacks-node-api/node_modules/express/lib/router/index.js:284:7","level":"error","timestamp":"2019-11-20T03:15:20.352Z"}
{"message":"Cannot read property 'find' of undefined","stack":"TypeError: Cannot read property 'find' of undefined\n    at router.get (/Users/amruthamuraleedharan/upstacks-node-api/routes/populars.js:9:34)\n    at /Users/amruthamuraleedharan/upstacks-node-api/node_modules/express-async-errors/index.js:17:20\n    at Layer.handle [as handle_request] (/Users/amruthamuraleedharan/upstacks-node-api/node_modules/express/lib/router/layer.js:95:5)\n    at next (/Users/amruthamuraleedharan/upstacks-node-api/node_modules/express/lib/router/route.js:137:13)\n    at Route.dispatch (/Users/amruthamuraleedharan/upstacks-node-api/node_modules/express/lib/router/route.js:112:3)\n    at /Users/amruthamuraleedharan/upstacks-node-api/node_modules/express-async-errors/index.js:17:20\n    at Layer.handle [as handle_request] (/Users/amruthamuraleedharan/upstacks-node-api/node_modules/express/lib/router/layer.js:95:5)\n    at /Users/amruthamuraleedharan/upstacks-node-api/node_modules/express/lib/router/index.js:281:22\n    at Function.process_params (/Users/amruthamuraleedharan/upstacks-node-api/node_modules/express/lib/router/index.js:335:12)\n    at next (/Users/amruthamuraleedharan/upstacks-node-api/node_modules/express/lib/router/index.js:275:10)\n    at Function.handle (/Users/amruthamuraleedharan/upstacks-node-api/node_modules/express/lib/router/index.js:174:3)\n    at router (/Users/amruthamuraleedharan/upstacks-node-api/node_modules/express/lib/router/index.js:47:12)\n    at /Users/amruthamuraleedharan/upstacks-node-api/node_modules/express-async-errors/index.js:17:20\n    at Layer.handle [as handle_request] (/Users/amruthamuraleedharan/upstacks-node-api/node_modules/express/lib/router/layer.js:95:5)\n    at trim_prefix (/Users/amruthamuraleedharan/upstacks-node-api/node_modules/express/lib/router/index.js:317:13)\n    at /Users/amruthamuraleedharan/upstacks-node-api/node_modules/express/lib/router/index.js:284:7","level":"error","timestamp":"2019-11-20T03:15:21.769Z"}
{"level":"info","message":"listening to port 3000","timestamp":"2019-11-20T03:15:43.482Z"}
{"level":"info","message":"Connected to mongodb://localhost/upstacks..","timestamp":"2019-11-20T03:15:43.501Z"}
{"level":"info","message":"listening to port 3000","timestamp":"2019-11-20T03:15:53.906Z"}
{"level":"info","message":"Connected to mongodb://localhost/upstacks..","timestamp":"2019-11-20T03:15:53.935Z"}
{"level":"info","message":"listening to port 3000","timestamp":"2019-11-20T03:15:56.832Z"}
{"level":"info","message":"Connected to mongodb://localhost/upstacks..","timestamp":"2019-11-20T03:15:56.855Z"}
{"message":"Cannot read property 'find' of undefined","stack":"TypeError: Cannot read property 'find' of undefined\n    at router.get (/Users/amruthamuraleedharan/upstacks-node-api/routes/populars.js:9:34)\n    at /Users/amruthamuraleedharan/upstacks-node-api/node_modules/express-async-errors/index.js:17:20\n    at Layer.handle [as handle_request] (/Users/amruthamuraleedharan/upstacks-node-api/node_modules/express/lib/router/layer.js:95:5)\n    at next (/Users/amruthamuraleedharan/upstacks-node-api/node_modules/express/lib/router/route.js:137:13)\n    at Route.dispatch (/Users/amruthamuraleedharan/upstacks-node-api/node_modules/express/lib/router/route.js:112:3)\n    at /Users/amruthamuraleedharan/upstacks-node-api/node_modules/express-async-errors/index.js:17:20\n    at Layer.handle [as handle_request] (/Users/amruthamuraleedharan/upstacks-node-api/node_modules/express/lib/router/layer.js:95:5)\n    at /Users/amruthamuraleedharan/upstacks-node-api/node_modules/express/lib/router/index.js:281:22\n    at Function.process_params (/Users/amruthamuraleedharan/upstacks-node-api/node_modules/express/lib/router/index.js:335:12)\n    at next (/Users/amruthamuraleedharan/upstacks-node-api/node_modules/express/lib/router/index.js:275:10)\n    at Function.handle (/Users/amruthamuraleedharan/upstacks-node-api/node_modules/express/lib/router/index.js:174:3)\n    at router (/Users/amruthamuraleedharan/upstacks-node-api/node_modules/express/lib/router/index.js:47:12)\n    at /Users/amruthamuraleedharan/upstacks-node-api/node_modules/express-async-errors/index.js:17:20\n    at Layer.handle [as handle_request] (/Users/amruthamuraleedharan/upstacks-node-api/node_modules/express/lib/router/layer.js:95:5)\n    at trim_prefix (/Users/amruthamuraleedharan/upstacks-node-api/node_modules/express/lib/router/index.js:317:13)\n    at /Users/amruthamuraleedharan/upstacks-node-api/node_modules/express/lib/router/index.js:284:7","level":"error","timestamp":"2019-11-20T03:16:03.341Z"}
{"level":"info","message":"listening to port 3000","timestamp":"2019-11-20T03:16:43.064Z"}
{"level":"info","message":"Connected to mongodb://localhost/upstacks..","timestamp":"2019-11-20T03:16:43.084Z"}
{"message":"Cannot read property 'find' of undefined","stack":"TypeError: Cannot read property 'find' of undefined\n    at router.get (/Users/amruthamuraleedharan/upstacks-node-api/routes/populars.js:9:34)\n    at /Users/amruthamuraleedharan/upstacks-node-api/node_modules/express-async-errors/index.js:17:20\n    at Layer.handle [as handle_request] (/Users/amruthamuraleedharan/upstacks-node-api/node_modules/express/lib/router/layer.js:95:5)\n    at next (/Users/amruthamuraleedharan/upstacks-node-api/node_modules/express/lib/router/route.js:137:13)\n    at Route.dispatch (/Users/amruthamuraleedharan/upstacks-node-api/node_modules/express/lib/router/route.js:112:3)\n    at /Users/amruthamuraleedharan/upstacks-node-api/node_modules/express-async-errors/index.js:17:20\n    at Layer.handle [as handle_request] (/Users/amruthamuraleedharan/upstacks-node-api/node_modules/express/lib/router/layer.js:95:5)\n    at /Users/amruthamuraleedharan/upstacks-node-api/node_modules/express/lib/router/index.js:281:22\n    at Function.process_params (/Users/amruthamuraleedharan/upstacks-node-api/node_modules/express/lib/router/index.js:335:12)\n    at next (/Users/amruthamuraleedharan/upstacks-node-api/node_modules/express/lib/router/index.js:275:10)\n    at Function.handle (/Users/amruthamuraleedharan/upstacks-node-api/node_modules/express/lib/router/index.js:174:3)\n    at router (/Users/amruthamuraleedharan/upstacks-node-api/node_modules/express/lib/router/index.js:47:12)\n    at /Users/amruthamuraleedharan/upstacks-node-api/node_modules/express-async-errors/index.js:17:20\n    at Layer.handle [as handle_request] (/Users/amruthamuraleedharan/upstacks-node-api/node_modules/express/lib/router/layer.js:95:5)\n    at trim_prefix (/Users/amruthamuraleedharan/upstacks-node-api/node_modules/express/lib/router/index.js:317:13)\n    at /Users/amruthamuraleedharan/upstacks-node-api/node_modules/express/lib/router/index.js:284:7","level":"error","timestamp":"2019-11-20T03:16:48.154Z"}
{"level":"info","message":"listening to port 3000","timestamp":"2019-11-20T03:17:04.537Z"}
{"level":"info","message":"Connected to mongodb://localhost/upstacks..","timestamp":"2019-11-20T03:17:04.558Z"}
{"level":"info","message":"listening to port 3000","timestamp":"2019-11-20T03:17:09.382Z"}
{"level":"info","message":"Connected to mongodb://localhost/upstacks..","timestamp":"2019-11-20T03:17:09.404Z"}
{"level":"info","message":"listening to port 3000","timestamp":"2019-11-20T03:18:09.373Z"}
{"level":"info","message":"Connected to mongodb://localhost/upstacks..","timestamp":"2019-11-20T03:18:09.401Z"}
{"level":"info","message":"listening to port 3000","timestamp":"2019-11-20T03:19:06.056Z"}
{"level":"info","message":"Connected to mongodb://localhost/upstacks..","timestamp":"2019-11-20T03:19:06.079Z"}
{"level":"info","message":"listening to port 3000","timestamp":"2019-11-20T03:19:41.005Z"}
{"level":"info","message":"Connected to mongodb://localhost/upstacks..","timestamp":"2019-11-20T03:19:41.026Z"}
{"level":"info","message":"listening to port 3000","timestamp":"2019-11-20T03:19:47.231Z"}
{"level":"info","message":"Connected to mongodb://localhost/upstacks..","timestamp":"2019-11-20T03:19:47.250Z"}
{"level":"info","message":"listening to port 3000","timestamp":"2019-11-20T03:20:32.819Z"}
{"level":"info","message":"Connected to mongodb://localhost/upstacks..","timestamp":"2019-11-20T03:20:32.840Z"}
{"level":"info","message":"listening to port 3000","timestamp":"2019-11-20T03:21:40.355Z"}
{"level":"info","message":"Connected to mongodb://localhost/upstacks..","timestamp":"2019-11-20T03:21:40.377Z"}
{"level":"info","message":"listening to port 3000","timestamp":"2019-11-20T03:21:55.498Z"}
{"level":"info","message":"Connected to mongodb://localhost/upstacks..","timestamp":"2019-11-20T03:21:55.517Z"}
{"level":"info","message":"listening to port 3000","timestamp":"2019-11-20T03:22:03.369Z"}
{"level":"info","message":"Connected to mongodb://localhost/upstacks..","timestamp":"2019-11-20T03:22:03.391Z"}
{"level":"info","message":"listening to port 3000","timestamp":"2019-11-20T03:22:19.464Z"}
{"level":"info","message":"Connected to mongodb://localhost/upstacks..","timestamp":"2019-11-20T03:22:19.484Z"}
{"level":"info","message":"listening to port 3000","timestamp":"2019-11-20T03:22:58.182Z"}
{"level":"info","message":"Connected to mongodb://localhost/upstacks..","timestamp":"2019-11-20T03:22:58.213Z"}
{"level":"info","message":"listening to port 3000","timestamp":"2019-11-20T03:23:02.296Z"}
{"level":"info","message":"Connected to mongodb://localhost/upstacks..","timestamp":"2019-11-20T03:23:02.322Z"}
{"level":"info","message":"listening to port 3000","timestamp":"2019-11-20T03:23:03.741Z"}
{"level":"info","message":"Connected to mongodb://localhost/upstacks..","timestamp":"2019-11-20T03:23:03.766Z"}
{"level":"info","message":"listening to port 3000","timestamp":"2019-11-20T03:23:08.227Z"}
{"level":"info","message":"Connected to mongodb://localhost/upstacks..","timestamp":"2019-11-20T03:23:08.253Z"}
{"level":"info","message":"listening to port 3000","timestamp":"2019-11-20T03:23:12.907Z"}
{"level":"info","message":"Connected to mongodb://localhost/upstacks..","timestamp":"2019-11-20T03:23:12.932Z"}
{"level":"info","message":"listening to port 3000","timestamp":"2019-11-20T03:23:32.429Z"}
{"level":"info","message":"Connected to mongodb://localhost/upstacks..","timestamp":"2019-11-20T03:23:32.454Z"}
{"level":"info","message":"listening to port 3000","timestamp":"2019-11-20T03:23:56.240Z"}
{"level":"info","message":"Connected to mongodb://localhost/upstacks..","timestamp":"2019-11-20T03:23:56.258Z"}
{"level":"info","message":"listening to port 3000","timestamp":"2019-11-20T03:24:07.387Z"}
{"level":"info","message":"Connected to mongodb://localhost/upstacks..","timestamp":"2019-11-20T03:24:07.403Z"}
{"level":"info","message":"listening to port 3000","timestamp":"2019-11-20T03:24:23.934Z"}
{"level":"info","message":"Connected to mongodb://localhost/upstacks..","timestamp":"2019-11-20T03:24:23.968Z"}
{"level":"info","message":"listening to port 3000","timestamp":"2019-11-20T03:24:37.494Z"}
{"level":"info","message":"Connected to mongodb://localhost/upstacks..","timestamp":"2019-11-20T03:24:37.515Z"}
{"level":"info","message":"listening to port 3000","timestamp":"2019-11-20T03:24:48.697Z"}
{"level":"info","message":"Connected to mongodb://localhost/upstacks..","timestamp":"2019-11-20T03:24:48.717Z"}
{"level":"info","message":"listening to port 3000","timestamp":"2019-11-20T03:25:06.152Z"}
{"level":"info","message":"Connected to mongodb://localhost/upstacks..","timestamp":"2019-11-20T03:25:06.196Z"}
{"level":"info","message":"listening to port 3000","timestamp":"2019-11-20T03:25:08.145Z"}
{"level":"info","message":"Connected to mongodb://localhost/upstacks..","timestamp":"2019-11-20T03:25:08.169Z"}
{"level":"info","message":"listening to port 3000","timestamp":"2019-11-20T03:26:27.650Z"}
{"level":"info","message":"Connected to mongodb://localhost/upstacks..","timestamp":"2019-11-20T03:26:27.667Z"}
{"level":"info","message":"listening to port 3000","timestamp":"2019-11-20T03:26:40.307Z"}
{"level":"info","message":"Connected to mongodb://localhost/upstacks..","timestamp":"2019-11-20T03:26:40.327Z"}
{"level":"info","message":"listening to port 3000","timestamp":"2019-11-20T03:26:55.367Z"}
{"level":"info","message":"Connected to mongodb://localhost/upstacks..","timestamp":"2019-11-20T03:26:55.386Z"}
{"level":"info","message":"listening to port 3000","timestamp":"2019-11-20T03:27:20.671Z"}
{"level":"info","message":"Connected to mongodb://localhost/upstacks..","timestamp":"2019-11-20T03:27:20.695Z"}
{"level":"info","message":"listening to port 3000","timestamp":"2019-11-20T03:33:00.515Z"}
{"level":"info","message":"Connected to mongodb://localhost/upstacks..","timestamp":"2019-11-20T03:33:00.532Z"}
{"level":"info","message":"listening to port 3000","timestamp":"2019-11-20T03:33:29.122Z"}
{"level":"info","message":"Connected to mongodb://localhost/upstacks..","timestamp":"2019-11-20T03:33:29.140Z"}
{"level":"info","message":"listening to port 3000","timestamp":"2019-11-20T03:34:13.004Z"}
{"level":"info","message":"Connected to mongodb://localhost/upstacks..","timestamp":"2019-11-20T03:34:13.024Z"}
{"level":"info","message":"listening to port 3000","timestamp":"2019-11-20T03:35:00.026Z"}
{"level":"info","message":"Connected to mongodb://localhost/upstacks..","timestamp":"2019-11-20T03:35:00.046Z"}
{"level":"info","message":"listening to port 3000","timestamp":"2019-11-20T03:35:27.268Z"}
{"level":"info","message":"Connected to mongodb://localhost/upstacks..","timestamp":"2019-11-20T03:35:27.284Z"}
{"level":"info","message":"listening to port 3000","timestamp":"2019-11-20T03:36:05.751Z"}
{"level":"info","message":"Connected to mongodb://localhost/upstacks..","timestamp":"2019-11-20T03:36:05.769Z"}
{"level":"info","message":"listening to port 3000","timestamp":"2019-11-20T03:36:29.716Z"}
{"level":"info","message":"Connected to mongodb://localhost/upstacks..","timestamp":"2019-11-20T03:36:29.735Z"}
{"level":"info","message":"listening to port 3000","timestamp":"2019-11-20T03:36:34.115Z"}
{"level":"info","message":"Connected to mongodb://localhost/upstacks..","timestamp":"2019-11-20T03:36:34.152Z"}
{"level":"info","message":"listening to port 3000","timestamp":"2019-11-20T03:36:45.986Z"}
{"level":"info","message":"Connected to mongodb://localhost/upstacks..","timestamp":"2019-11-20T03:36:46.012Z"}
{"level":"info","message":"listening to port 3000","timestamp":"2019-11-20T03:37:24.657Z"}
{"level":"info","message":"Connected to mongodb://localhost/upstacks..","timestamp":"2019-11-20T03:37:24.679Z"}
{"level":"info","message":"listening to port 3000","timestamp":"2019-11-20T03:37:31.530Z"}
{"level":"info","message":"Connected to mongodb://localhost/upstacks..","timestamp":"2019-11-20T03:37:31.554Z"}
{"level":"info","message":"listening to port 3000","timestamp":"2019-11-20T03:38:02.001Z"}
{"level":"info","message":"Connected to mongodb://localhost/upstacks..","timestamp":"2019-11-20T03:38:02.022Z"}
{"level":"info","message":"listening to port 3000","timestamp":"2019-11-20T03:38:36.444Z"}
{"level":"info","message":"Connected to mongodb://localhost/upstacks..","timestamp":"2019-11-20T03:38:36.465Z"}
{"level":"info","message":"listening to port 3000","timestamp":"2019-11-20T03:38:38.305Z"}
{"level":"info","message":"Connected to mongodb://localhost/upstacks..","timestamp":"2019-11-20T03:38:38.353Z"}
{"level":"info","message":"listening to port 3000","timestamp":"2019-11-20T03:38:39.696Z"}
{"level":"info","message":"Connected to mongodb://localhost/upstacks..","timestamp":"2019-11-20T03:38:39.722Z"}
{"level":"info","message":"listening to port 3000","timestamp":"2019-11-20T03:38:40.937Z"}
{"level":"info","message":"Connected to mongodb://localhost/upstacks..","timestamp":"2019-11-20T03:38:40.957Z"}
{"level":"info","message":"listening to port 3000","timestamp":"2019-11-20T03:38:59.039Z"}
{"level":"info","message":"Connected to mongodb://localhost/upstacks..","timestamp":"2019-11-20T03:38:59.066Z"}
{"level":"info","message":"listening to port 3000","timestamp":"2019-11-20T03:43:28.896Z"}
{"level":"info","message":"Connected to mongodb://localhost/upstacks..","timestamp":"2019-11-20T03:43:28.920Z"}
{"level":"info","message":"listening to port 5000","timestamp":"2019-11-20T04:21:34.022Z"}
{"level":"info","message":"Connected to mongodb://localhost/upstacks..","timestamp":"2019-11-20T04:21:34.046Z"}
{"level":"info","message":"listening to port 3000","timestamp":"2019-11-21T10:04:55.650Z"}
{"level":"info","message":"Connected to mongodb://localhost/upstacks..","timestamp":"2019-11-21T10:04:55.681Z"}
{"level":"info","message":"listening to port 3000","timestamp":"2019-11-21T10:06:03.736Z"}
{"level":"info","message":"Connected to mongodb://localhost/upstacks..","timestamp":"2019-11-21T10:06:03.896Z"}
{"level":"info","message":"listening to port 3000","timestamp":"2019-11-21T10:06:46.311Z"}
{"level":"info","message":"Connected to mongodb://localhost/upstacks..","timestamp":"2019-11-21T10:06:46.334Z"}
{"level":"info","message":"listening to port 3000","timestamp":"2019-11-21T10:36:59.828Z"}
{"level":"info","message":"Connected to mongodb://localhost/upstacks..","timestamp":"2019-11-21T10:36:59.867Z"}
{"level":"info","message":"listening to port 3000","timestamp":"2019-11-21T10:37:03.368Z"}
{"level":"info","message":"Connected to mongodb://localhost/upstacks..","timestamp":"2019-11-21T10:37:03.404Z"}
{"level":"info","message":"listening to port 3000","timestamp":"2019-11-21T21:09:10.773Z"}
{"level":"info","message":"Connected to mongodb://localhost/upstacks..","timestamp":"2019-11-21T21:09:10.795Z"}
{"level":"info","message":"listening to port 3000","timestamp":"2019-11-21T21:09:18.563Z"}
{"level":"info","message":"Connected to mongodb://localhost/upstacks..","timestamp":"2019-11-21T21:09:18.586Z"}
{"level":"info","message":"listening to port 3000","timestamp":"2019-11-22T00:30:57.846Z"}
{"level":"info","message":"Connected to mongodb://localhost/upstacks..","timestamp":"2019-11-22T00:30:57.869Z"}
{"level":"info","message":"listening to port 3000","timestamp":"2019-11-22T00:46:43.024Z"}
{"level":"info","message":"Connected to mongodb://localhost/upstacks..","timestamp":"2019-11-22T00:46:43.043Z"}
{"level":"info","message":"listening to port 3000","timestamp":"2019-11-22T00:47:10.466Z"}
{"level":"info","message":"Connected to mongodb://localhost/upstacks..","timestamp":"2019-11-22T00:47:10.487Z"}
{"level":"info","message":"listening to port 3000","timestamp":"2019-11-22T00:47:38.506Z"}
{"level":"info","message":"Connected to mongodb://localhost/upstacks..","timestamp":"2019-11-22T00:47:38.532Z"}
{"level":"info","message":"listening to port 3000","timestamp":"2019-11-22T00:47:56.546Z"}
{"level":"info","message":"Connected to mongodb://localhost/upstacks..","timestamp":"2019-11-22T00:47:56.568Z"}
{"level":"info","message":"listening to port 3000","timestamp":"2019-11-22T00:49:59.811Z"}
{"level":"info","message":"Connected to mongodb://localhost/upstacks..","timestamp":"2019-11-22T00:49:59.870Z"}
{"level":"info","message":"listening to port 3000","timestamp":"2019-11-22T00:52:21.012Z"}
{"level":"info","message":"Connected to mongodb://localhost/upstacks..","timestamp":"2019-11-22T00:52:21.030Z"}
{"level":"info","message":"listening to port 3000","timestamp":"2019-11-22T00:52:25.424Z"}
{"level":"info","message":"Connected to mongodb://localhost/upstacks..","timestamp":"2019-11-22T00:52:25.449Z"}
{"level":"info","message":"listening to port 3000","timestamp":"2019-11-22T00:52:50.734Z"}
{"level":"info","message":"Connected to mongodb://localhost/upstacks..","timestamp":"2019-11-22T00:52:50.755Z"}
{"level":"info","message":"listening to port 3000","timestamp":"2019-11-22T00:53:39.693Z"}
{"level":"info","message":"Connected to mongodb://localhost/upstacks..","timestamp":"2019-11-22T00:53:39.713Z"}
{"level":"info","message":"listening to port 3000","timestamp":"2019-11-22T00:56:36.716Z"}
{"level":"info","message":"Connected to mongodb://localhost/upstacks..","timestamp":"2019-11-22T00:56:36.771Z"}
{"message":"validate is not defined","stack":"ReferenceError: validate is not defined\n    at router.post (/Users/amruthamuraleedharan/upstacks-node-api/routes/tags.js:13:18)\n    at /Users/amruthamuraleedharan/upstacks-node-api/node_modules/express-async-errors/index.js:17:20\n    at Layer.handle [as handle_request] (/Users/amruthamuraleedharan/upstacks-node-api/node_modules/express/lib/router/layer.js:95:5)\n    at next (/Users/amruthamuraleedharan/upstacks-node-api/node_modules/express/lib/router/route.js:137:13)\n    at Route.dispatch (/Users/amruthamuraleedharan/upstacks-node-api/node_modules/express/lib/router/route.js:112:3)\n    at /Users/amruthamuraleedharan/upstacks-node-api/node_modules/express-async-errors/index.js:17:20\n    at Layer.handle [as handle_request] (/Users/amruthamuraleedharan/upstacks-node-api/node_modules/express/lib/router/layer.js:95:5)\n    at /Users/amruthamuraleedharan/upstacks-node-api/node_modules/express/lib/router/index.js:281:22\n    at Function.process_params (/Users/amruthamuraleedharan/upstacks-node-api/node_modules/express/lib/router/index.js:335:12)\n    at next (/Users/amruthamuraleedharan/upstacks-node-api/node_modules/express/lib/router/index.js:275:10)\n    at Function.handle (/Users/amruthamuraleedharan/upstacks-node-api/node_modules/express/lib/router/index.js:174:3)\n    at router (/Users/amruthamuraleedharan/upstacks-node-api/node_modules/express/lib/router/index.js:47:12)\n    at /Users/amruthamuraleedharan/upstacks-node-api/node_modules/express-async-errors/index.js:17:20\n    at Layer.handle [as handle_request] (/Users/amruthamuraleedharan/upstacks-node-api/node_modules/express/lib/router/layer.js:95:5)\n    at trim_prefix (/Users/amruthamuraleedharan/upstacks-node-api/node_modules/express/lib/router/index.js:317:13)\n    at /Users/amruthamuraleedharan/upstacks-node-api/node_modules/express/lib/router/index.js:284:7","level":"error","timestamp":"2019-11-22T01:33:24.758Z"}
{"message":"validate is not defined","stack":"ReferenceError: validate is not defined\n    at router.post (/Users/amruthamuraleedharan/upstacks-node-api/routes/tags.js:13:18)\n    at /Users/amruthamuraleedharan/upstacks-node-api/node_modules/express-async-errors/index.js:17:20\n    at Layer.handle [as handle_request] (/Users/amruthamuraleedharan/upstacks-node-api/node_modules/express/lib/router/layer.js:95:5)\n    at next (/Users/amruthamuraleedharan/upstacks-node-api/node_modules/express/lib/router/route.js:137:13)\n    at Route.dispatch (/Users/amruthamuraleedharan/upstacks-node-api/node_modules/express/lib/router/route.js:112:3)\n    at /Users/amruthamuraleedharan/upstacks-node-api/node_modules/express-async-errors/index.js:17:20\n    at Layer.handle [as handle_request] (/Users/amruthamuraleedharan/upstacks-node-api/node_modules/express/lib/router/layer.js:95:5)\n    at /Users/amruthamuraleedharan/upstacks-node-api/node_modules/express/lib/router/index.js:281:22\n    at Function.process_params (/Users/amruthamuraleedharan/upstacks-node-api/node_modules/express/lib/router/index.js:335:12)\n    at next (/Users/amruthamuraleedharan/upstacks-node-api/node_modules/express/lib/router/index.js:275:10)\n    at Function.handle (/Users/amruthamuraleedharan/upstacks-node-api/node_modules/express/lib/router/index.js:174:3)\n    at router (/Users/amruthamuraleedharan/upstacks-node-api/node_modules/express/lib/router/index.js:47:12)\n    at /Users/amruthamuraleedharan/upstacks-node-api/node_modules/express-async-errors/index.js:17:20\n    at Layer.handle [as handle_request] (/Users/amruthamuraleedharan/upstacks-node-api/node_modules/express/lib/router/layer.js:95:5)\n    at trim_prefix (/Users/amruthamuraleedharan/upstacks-node-api/node_modules/express/lib/router/index.js:317:13)\n    at /Users/amruthamuraleedharan/upstacks-node-api/node_modules/express/lib/router/index.js:284:7","level":"error","timestamp":"2019-11-22T01:33:31.066Z"}
{"message":"validate is not defined","stack":"ReferenceError: validate is not defined\n    at router.post (/Users/amruthamuraleedharan/upstacks-node-api/routes/tags.js:13:18)\n    at /Users/amruthamuraleedharan/upstacks-node-api/node_modules/express-async-errors/index.js:17:20\n    at Layer.handle [as handle_request] (/Users/amruthamuraleedharan/upstacks-node-api/node_modules/express/lib/router/layer.js:95:5)\n    at next (/Users/amruthamuraleedharan/upstacks-node-api/node_modules/express/lib/router/route.js:137:13)\n    at Route.dispatch (/Users/amruthamuraleedharan/upstacks-node-api/node_modules/express/lib/router/route.js:112:3)\n    at /Users/amruthamuraleedharan/upstacks-node-api/node_modules/express-async-errors/index.js:17:20\n    at Layer.handle [as handle_request] (/Users/amruthamuraleedharan/upstacks-node-api/node_modules/express/lib/router/layer.js:95:5)\n    at /Users/amruthamuraleedharan/upstacks-node-api/node_modules/express/lib/router/index.js:281:22\n    at Function.process_params (/Users/amruthamuraleedharan/upstacks-node-api/node_modules/express/lib/router/index.js:335:12)\n    at next (/Users/amruthamuraleedharan/upstacks-node-api/node_modules/express/lib/router/index.js:275:10)\n    at Function.handle (/Users/amruthamuraleedharan/upstacks-node-api/node_modules/express/lib/router/index.js:174:3)\n    at router (/Users/amruthamuraleedharan/upstacks-node-api/node_modules/express/lib/router/index.js:47:12)\n    at /Users/amruthamuraleedharan/upstacks-node-api/node_modules/express-async-errors/index.js:17:20\n    at Layer.handle [as handle_request] (/Users/amruthamuraleedharan/upstacks-node-api/node_modules/express/lib/router/layer.js:95:5)\n    at trim_prefix (/Users/amruthamuraleedharan/upstacks-node-api/node_modules/express/lib/router/index.js:317:13)\n    at /Users/amruthamuraleedharan/upstacks-node-api/node_modules/express/lib/router/index.js:284:7","level":"error","timestamp":"2019-11-22T01:34:09.976Z"}
{"message":"validate is not defined","stack":"ReferenceError: validate is not defined\n    at router.post (/Users/amruthamuraleedharan/upstacks-node-api/routes/tags.js:13:18)\n    at /Users/amruthamuraleedharan/upstacks-node-api/node_modules/express-async-errors/index.js:17:20\n    at Layer.handle [as handle_request] (/Users/amruthamuraleedharan/upstacks-node-api/node_modules/express/lib/router/layer.js:95:5)\n    at next (/Users/amruthamuraleedharan/upstacks-node-api/node_modules/express/lib/router/route.js:137:13)\n    at Route.dispatch (/Users/amruthamuraleedharan/upstacks-node-api/node_modules/express/lib/router/route.js:112:3)\n    at /Users/amruthamuraleedharan/upstacks-node-api/node_modules/express-async-errors/index.js:17:20\n    at Layer.handle [as handle_request] (/Users/amruthamuraleedharan/upstacks-node-api/node_modules/express/lib/router/layer.js:95:5)\n    at /Users/amruthamuraleedharan/upstacks-node-api/node_modules/express/lib/router/index.js:281:22\n    at Function.process_params (/Users/amruthamuraleedharan/upstacks-node-api/node_modules/express/lib/router/index.js:335:12)\n    at next (/Users/amruthamuraleedharan/upstacks-node-api/node_modules/express/lib/router/index.js:275:10)\n    at Function.handle (/Users/amruthamuraleedharan/upstacks-node-api/node_modules/express/lib/router/index.js:174:3)\n    at router (/Users/amruthamuraleedharan/upstacks-node-api/node_modules/express/lib/router/index.js:47:12)\n    at /Users/amruthamuraleedharan/upstacks-node-api/node_modules/express-async-errors/index.js:17:20\n    at Layer.handle [as handle_request] (/Users/amruthamuraleedharan/upstacks-node-api/node_modules/express/lib/router/layer.js:95:5)\n    at trim_prefix (/Users/amruthamuraleedharan/upstacks-node-api/node_modules/express/lib/router/index.js:317:13)\n    at /Users/amruthamuraleedharan/upstacks-node-api/node_modules/express/lib/router/index.js:284:7","level":"error","timestamp":"2019-11-22T01:34:42.242Z"}
{"message":"validate is not defined","stack":"ReferenceError: validate is not defined\n    at router.post (/Users/amruthamuraleedharan/upstacks-node-api/routes/tags.js:13:18)\n    at /Users/amruthamuraleedharan/upstacks-node-api/node_modules/express-async-errors/index.js:17:20\n    at Layer.handle [as handle_request] (/Users/amruthamuraleedharan/upstacks-node-api/node_modules/express/lib/router/layer.js:95:5)\n    at next (/Users/amruthamuraleedharan/upstacks-node-api/node_modules/express/lib/router/route.js:137:13)\n    at Route.dispatch (/Users/amruthamuraleedharan/upstacks-node-api/node_modules/express/lib/router/route.js:112:3)\n    at /Users/amruthamuraleedharan/upstacks-node-api/node_modules/express-async-errors/index.js:17:20\n    at Layer.handle [as handle_request] (/Users/amruthamuraleedharan/upstacks-node-api/node_modules/express/lib/router/layer.js:95:5)\n    at /Users/amruthamuraleedharan/upstacks-node-api/node_modules/express/lib/router/index.js:281:22\n    at Function.process_params (/Users/amruthamuraleedharan/upstacks-node-api/node_modules/express/lib/router/index.js:335:12)\n    at next (/Users/amruthamuraleedharan/upstacks-node-api/node_modules/express/lib/router/index.js:275:10)\n    at Function.handle (/Users/amruthamuraleedharan/upstacks-node-api/node_modules/express/lib/router/index.js:174:3)\n    at router (/Users/amruthamuraleedharan/upstacks-node-api/node_modules/express/lib/router/index.js:47:12)\n    at /Users/amruthamuraleedharan/upstacks-node-api/node_modules/express-async-errors/index.js:17:20\n    at Layer.handle [as handle_request] (/Users/amruthamuraleedharan/upstacks-node-api/node_modules/express/lib/router/layer.js:95:5)\n    at trim_prefix (/Users/amruthamuraleedharan/upstacks-node-api/node_modules/express/lib/router/index.js:317:13)\n    at /Users/amruthamuraleedharan/upstacks-node-api/node_modules/express/lib/router/index.js:284:7","level":"error","timestamp":"2019-11-22T01:34:43.109Z"}
{"message":"validate is not defined","stack":"ReferenceError: validate is not defined\n    at router.post (/Users/amruthamuraleedharan/upstacks-node-api/routes/tags.js:13:18)\n    at /Users/amruthamuraleedharan/upstacks-node-api/node_modules/express-async-errors/index.js:17:20\n    at Layer.handle [as handle_request] (/Users/amruthamuraleedharan/upstacks-node-api/node_modules/express/lib/router/layer.js:95:5)\n    at next (/Users/amruthamuraleedharan/upstacks-node-api/node_modules/express/lib/router/route.js:137:13)\n    at Route.dispatch (/Users/amruthamuraleedharan/upstacks-node-api/node_modules/express/lib/router/route.js:112:3)\n    at /Users/amruthamuraleedharan/upstacks-node-api/node_modules/express-async-errors/index.js:17:20\n    at Layer.handle [as handle_request] (/Users/amruthamuraleedharan/upstacks-node-api/node_modules/express/lib/router/layer.js:95:5)\n    at /Users/amruthamuraleedharan/upstacks-node-api/node_modules/express/lib/router/index.js:281:22\n    at Function.process_params (/Users/amruthamuraleedharan/upstacks-node-api/node_modules/express/lib/router/index.js:335:12)\n    at next (/Users/amruthamuraleedharan/upstacks-node-api/node_modules/express/lib/router/index.js:275:10)\n    at Function.handle (/Users/amruthamuraleedharan/upstacks-node-api/node_modules/express/lib/router/index.js:174:3)\n    at router (/Users/amruthamuraleedharan/upstacks-node-api/node_modules/express/lib/router/index.js:47:12)\n    at /Users/amruthamuraleedharan/upstacks-node-api/node_modules/express-async-errors/index.js:17:20\n    at Layer.handle [as handle_request] (/Users/amruthamuraleedharan/upstacks-node-api/node_modules/express/lib/router/layer.js:95:5)\n    at trim_prefix (/Users/amruthamuraleedharan/upstacks-node-api/node_modules/express/lib/router/index.js:317:13)\n    at /Users/amruthamuraleedharan/upstacks-node-api/node_modules/express/lib/router/index.js:284:7","level":"error","timestamp":"2019-11-22T01:34:45.391Z"}
{"message":"validate is not defined","stack":"ReferenceError: validate is not defined\n    at router.post (/Users/amruthamuraleedharan/upstacks-node-api/routes/tags.js:13:18)\n    at /Users/amruthamuraleedharan/upstacks-node-api/node_modules/express-async-errors/index.js:17:20\n    at Layer.handle [as handle_request] (/Users/amruthamuraleedharan/upstacks-node-api/node_modules/express/lib/router/layer.js:95:5)\n    at next (/Users/amruthamuraleedharan/upstacks-node-api/node_modules/express/lib/router/route.js:137:13)\n    at Route.dispatch (/Users/amruthamuraleedharan/upstacks-node-api/node_modules/express/lib/router/route.js:112:3)\n    at /Users/amruthamuraleedharan/upstacks-node-api/node_modules/express-async-errors/index.js:17:20\n    at Layer.handle [as handle_request] (/Users/amruthamuraleedharan/upstacks-node-api/node_modules/express/lib/router/layer.js:95:5)\n    at /Users/amruthamuraleedharan/upstacks-node-api/node_modules/express/lib/router/index.js:281:22\n    at Function.process_params (/Users/amruthamuraleedharan/upstacks-node-api/node_modules/express/lib/router/index.js:335:12)\n    at next (/Users/amruthamuraleedharan/upstacks-node-api/node_modules/express/lib/router/index.js:275:10)\n    at Function.handle (/Users/amruthamuraleedharan/upstacks-node-api/node_modules/express/lib/router/index.js:174:3)\n    at router (/Users/amruthamuraleedharan/upstacks-node-api/node_modules/express/lib/router/index.js:47:12)\n    at /Users/amruthamuraleedharan/upstacks-node-api/node_modules/express-async-errors/index.js:17:20\n    at Layer.handle [as handle_request] (/Users/amruthamuraleedharan/upstacks-node-api/node_modules/express/lib/router/layer.js:95:5)\n    at trim_prefix (/Users/amruthamuraleedharan/upstacks-node-api/node_modules/express/lib/router/index.js:317:13)\n    at /Users/amruthamuraleedharan/upstacks-node-api/node_modules/express/lib/router/index.js:284:7","level":"error","timestamp":"2019-11-22T01:34:48.466Z"}
{"message":"validate is not defined","stack":"ReferenceError: validate is not defined\n    at router.post (/Users/amruthamuraleedharan/upstacks-node-api/routes/tags.js:13:18)\n    at /Users/amruthamuraleedharan/upstacks-node-api/node_modules/express-async-errors/index.js:17:20\n    at Layer.handle [as handle_request] (/Users/amruthamuraleedharan/upstacks-node-api/node_modules/express/lib/router/layer.js:95:5)\n    at next (/Users/amruthamuraleedharan/upstacks-node-api/node_modules/express/lib/router/route.js:137:13)\n    at Route.dispatch (/Users/amruthamuraleedharan/upstacks-node-api/node_modules/express/lib/router/route.js:112:3)\n    at /Users/amruthamuraleedharan/upstacks-node-api/node_modules/express-async-errors/index.js:17:20\n    at Layer.handle [as handle_request] (/Users/amruthamuraleedharan/upstacks-node-api/node_modules/express/lib/router/layer.js:95:5)\n    at /Users/amruthamuraleedharan/upstacks-node-api/node_modules/express/lib/router/index.js:281:22\n    at Function.process_params (/Users/amruthamuraleedharan/upstacks-node-api/node_modules/express/lib/router/index.js:335:12)\n    at next (/Users/amruthamuraleedharan/upstacks-node-api/node_modules/express/lib/router/index.js:275:10)\n    at Function.handle (/Users/amruthamuraleedharan/upstacks-node-api/node_modules/express/lib/router/index.js:174:3)\n    at router (/Users/amruthamuraleedharan/upstacks-node-api/node_modules/express/lib/router/index.js:47:12)\n    at /Users/amruthamuraleedharan/upstacks-node-api/node_modules/express-async-errors/index.js:17:20\n    at Layer.handle [as handle_request] (/Users/amruthamuraleedharan/upstacks-node-api/node_modules/express/lib/router/layer.js:95:5)\n    at trim_prefix (/Users/amruthamuraleedharan/upstacks-node-api/node_modules/express/lib/router/index.js:317:13)\n    at /Users/amruthamuraleedharan/upstacks-node-api/node_modules/express/lib/router/index.js:284:7","level":"error","timestamp":"2019-11-22T01:36:10.549Z"}
{"message":"validate is not defined","stack":"ReferenceError: validate is not defined\n    at router.post (/Users/amruthamuraleedharan/upstacks-node-api/routes/tags.js:13:18)\n    at /Users/amruthamuraleedharan/upstacks-node-api/node_modules/express-async-errors/index.js:17:20\n    at Layer.handle [as handle_request] (/Users/amruthamuraleedharan/upstacks-node-api/node_modules/express/lib/router/layer.js:95:5)\n    at next (/Users/amruthamuraleedharan/upstacks-node-api/node_modules/express/lib/router/route.js:137:13)\n    at Route.dispatch (/Users/amruthamuraleedharan/upstacks-node-api/node_modules/express/lib/router/route.js:112:3)\n    at /Users/amruthamuraleedharan/upstacks-node-api/node_modules/express-async-errors/index.js:17:20\n    at Layer.handle [as handle_request] (/Users/amruthamuraleedharan/upstacks-node-api/node_modules/express/lib/router/layer.js:95:5)\n    at /Users/amruthamuraleedharan/upstacks-node-api/node_modules/express/lib/router/index.js:281:22\n    at Function.process_params (/Users/amruthamuraleedharan/upstacks-node-api/node_modules/express/lib/router/index.js:335:12)\n    at next (/Users/amruthamuraleedharan/upstacks-node-api/node_modules/express/lib/router/index.js:275:10)\n    at Function.handle (/Users/amruthamuraleedharan/upstacks-node-api/node_modules/express/lib/router/index.js:174:3)\n    at router (/Users/amruthamuraleedharan/upstacks-node-api/node_modules/express/lib/router/index.js:47:12)\n    at /Users/amruthamuraleedharan/upstacks-node-api/node_modules/express-async-errors/index.js:17:20\n    at Layer.handle [as handle_request] (/Users/amruthamuraleedharan/upstacks-node-api/node_modules/express/lib/router/layer.js:95:5)\n    at trim_prefix (/Users/amruthamuraleedharan/upstacks-node-api/node_modules/express/lib/router/index.js:317:13)\n    at /Users/amruthamuraleedharan/upstacks-node-api/node_modules/express/lib/router/index.js:284:7","level":"error","timestamp":"2019-11-22T01:36:13.772Z"}
{"message":"validate is not defined","stack":"ReferenceError: validate is not defined\n    at router.post (/Users/amruthamuraleedharan/upstacks-node-api/routes/tags.js:13:18)\n    at /Users/amruthamuraleedharan/upstacks-node-api/node_modules/express-async-errors/index.js:17:20\n    at Layer.handle [as handle_request] (/Users/amruthamuraleedharan/upstacks-node-api/node_modules/express/lib/router/layer.js:95:5)\n    at next (/Users/amruthamuraleedharan/upstacks-node-api/node_modules/express/lib/router/route.js:137:13)\n    at Route.dispatch (/Users/amruthamuraleedharan/upstacks-node-api/node_modules/express/lib/router/route.js:112:3)\n    at /Users/amruthamuraleedharan/upstacks-node-api/node_modules/express-async-errors/index.js:17:20\n    at Layer.handle [as handle_request] (/Users/amruthamuraleedharan/upstacks-node-api/node_modules/express/lib/router/layer.js:95:5)\n    at /Users/amruthamuraleedharan/upstacks-node-api/node_modules/express/lib/router/index.js:281:22\n    at Function.process_params (/Users/amruthamuraleedharan/upstacks-node-api/node_modules/express/lib/router/index.js:335:12)\n    at next (/Users/amruthamuraleedharan/upstacks-node-api/node_modules/express/lib/router/index.js:275:10)\n    at Function.handle (/Users/amruthamuraleedharan/upstacks-node-api/node_modules/express/lib/router/index.js:174:3)\n    at router (/Users/amruthamuraleedharan/upstacks-node-api/node_modules/express/lib/router/index.js:47:12)\n    at /Users/amruthamuraleedharan/upstacks-node-api/node_modules/express-async-errors/index.js:17:20\n    at Layer.handle [as handle_request] (/Users/amruthamuraleedharan/upstacks-node-api/node_modules/express/lib/router/layer.js:95:5)\n    at trim_prefix (/Users/amruthamuraleedharan/upstacks-node-api/node_modules/express/lib/router/index.js:317:13)\n    at /Users/amruthamuraleedharan/upstacks-node-api/node_modules/express/lib/router/index.js:284:7","level":"error","timestamp":"2019-11-22T01:44:03.238Z"}
{"message":"validate is not defined","stack":"ReferenceError: validate is not defined\n    at router.post (/Users/amruthamuraleedharan/upstacks-node-api/routes/tags.js:13:18)\n    at /Users/amruthamuraleedharan/upstacks-node-api/node_modules/express-async-errors/index.js:17:20\n    at Layer.handle [as handle_request] (/Users/amruthamuraleedharan/upstacks-node-api/node_modules/express/lib/router/layer.js:95:5)\n    at next (/Users/amruthamuraleedharan/upstacks-node-api/node_modules/express/lib/router/route.js:137:13)\n    at Route.dispatch (/Users/amruthamuraleedharan/upstacks-node-api/node_modules/express/lib/router/route.js:112:3)\n    at /Users/amruthamuraleedharan/upstacks-node-api/node_modules/express-async-errors/index.js:17:20\n    at Layer.handle [as handle_request] (/Users/amruthamuraleedharan/upstacks-node-api/node_modules/express/lib/router/layer.js:95:5)\n    at /Users/amruthamuraleedharan/upstacks-node-api/node_modules/express/lib/router/index.js:281:22\n    at Function.process_params (/Users/amruthamuraleedharan/upstacks-node-api/node_modules/express/lib/router/index.js:335:12)\n    at next (/Users/amruthamuraleedharan/upstacks-node-api/node_modules/express/lib/router/index.js:275:10)\n    at Function.handle (/Users/amruthamuraleedharan/upstacks-node-api/node_modules/express/lib/router/index.js:174:3)\n    at router (/Users/amruthamuraleedharan/upstacks-node-api/node_modules/express/lib/router/index.js:47:12)\n    at /Users/amruthamuraleedharan/upstacks-node-api/node_modules/express-async-errors/index.js:17:20\n    at Layer.handle [as handle_request] (/Users/amruthamuraleedharan/upstacks-node-api/node_modules/express/lib/router/layer.js:95:5)\n    at trim_prefix (/Users/amruthamuraleedharan/upstacks-node-api/node_modules/express/lib/router/index.js:317:13)\n    at /Users/amruthamuraleedharan/upstacks-node-api/node_modules/express/lib/router/index.js:284:7","level":"error","timestamp":"2019-11-22T01:44:06.802Z"}
{"message":"validate is not defined","stack":"ReferenceError: validate is not defined\n    at router.post (/Users/amruthamuraleedharan/upstacks-node-api/routes/tags.js:13:18)\n    at /Users/amruthamuraleedharan/upstacks-node-api/node_modules/express-async-errors/index.js:17:20\n    at Layer.handle [as handle_request] (/Users/amruthamuraleedharan/upstacks-node-api/node_modules/express/lib/router/layer.js:95:5)\n    at next (/Users/amruthamuraleedharan/upstacks-node-api/node_modules/express/lib/router/route.js:137:13)\n    at Route.dispatch (/Users/amruthamuraleedharan/upstacks-node-api/node_modules/express/lib/router/route.js:112:3)\n    at /Users/amruthamuraleedharan/upstacks-node-api/node_modules/express-async-errors/index.js:17:20\n    at Layer.handle [as handle_request] (/Users/amruthamuraleedharan/upstacks-node-api/node_modules/express/lib/router/layer.js:95:5)\n    at /Users/amruthamuraleedharan/upstacks-node-api/node_modules/express/lib/router/index.js:281:22\n    at Function.process_params (/Users/amruthamuraleedharan/upstacks-node-api/node_modules/express/lib/router/index.js:335:12)\n    at next (/Users/amruthamuraleedharan/upstacks-node-api/node_modules/express/lib/router/index.js:275:10)\n    at Function.handle (/Users/amruthamuraleedharan/upstacks-node-api/node_modules/express/lib/router/index.js:174:3)\n    at router (/Users/amruthamuraleedharan/upstacks-node-api/node_modules/express/lib/router/index.js:47:12)\n    at /Users/amruthamuraleedharan/upstacks-node-api/node_modules/express-async-errors/index.js:17:20\n    at Layer.handle [as handle_request] (/Users/amruthamuraleedharan/upstacks-node-api/node_modules/express/lib/router/layer.js:95:5)\n    at trim_prefix (/Users/amruthamuraleedharan/upstacks-node-api/node_modules/express/lib/router/index.js:317:13)\n    at /Users/amruthamuraleedharan/upstacks-node-api/node_modules/express/lib/router/index.js:284:7","level":"error","timestamp":"2019-11-22T01:50:23.574Z"}
{"message":"validate is not defined","stack":"ReferenceError: validate is not defined\n    at router.post (/Users/amruthamuraleedharan/upstacks-node-api/routes/tags.js:13:18)\n    at /Users/amruthamuraleedharan/upstacks-node-api/node_modules/express-async-errors/index.js:17:20\n    at Layer.handle [as handle_request] (/Users/amruthamuraleedharan/upstacks-node-api/node_modules/express/lib/router/layer.js:95:5)\n    at next (/Users/amruthamuraleedharan/upstacks-node-api/node_modules/express/lib/router/route.js:137:13)\n    at Route.dispatch (/Users/amruthamuraleedharan/upstacks-node-api/node_modules/express/lib/router/route.js:112:3)\n    at /Users/amruthamuraleedharan/upstacks-node-api/node_modules/express-async-errors/index.js:17:20\n    at Layer.handle [as handle_request] (/Users/amruthamuraleedharan/upstacks-node-api/node_modules/express/lib/router/layer.js:95:5)\n    at /Users/amruthamuraleedharan/upstacks-node-api/node_modules/express/lib/router/index.js:281:22\n    at Function.process_params (/Users/amruthamuraleedharan/upstacks-node-api/node_modules/express/lib/router/index.js:335:12)\n    at next (/Users/amruthamuraleedharan/upstacks-node-api/node_modules/express/lib/router/index.js:275:10)\n    at Function.handle (/Users/amruthamuraleedharan/upstacks-node-api/node_modules/express/lib/router/index.js:174:3)\n    at router (/Users/amruthamuraleedharan/upstacks-node-api/node_modules/express/lib/router/index.js:47:12)\n    at /Users/amruthamuraleedharan/upstacks-node-api/node_modules/express-async-errors/index.js:17:20\n    at Layer.handle [as handle_request] (/Users/amruthamuraleedharan/upstacks-node-api/node_modules/express/lib/router/layer.js:95:5)\n    at trim_prefix (/Users/amruthamuraleedharan/upstacks-node-api/node_modules/express/lib/router/index.js:317:13)\n    at /Users/amruthamuraleedharan/upstacks-node-api/node_modules/express/lib/router/index.js:284:7","level":"error","timestamp":"2019-11-22T01:51:32.686Z"}
{"message":"validate is not defined","stack":"ReferenceError: validate is not defined\n    at router.post (/Users/amruthamuraleedharan/upstacks-node-api/routes/tags.js:13:18)\n    at /Users/amruthamuraleedharan/upstacks-node-api/node_modules/express-async-errors/index.js:17:20\n    at Layer.handle [as handle_request] (/Users/amruthamuraleedharan/upstacks-node-api/node_modules/express/lib/router/layer.js:95:5)\n    at next (/Users/amruthamuraleedharan/upstacks-node-api/node_modules/express/lib/router/route.js:137:13)\n    at Route.dispatch (/Users/amruthamuraleedharan/upstacks-node-api/node_modules/express/lib/router/route.js:112:3)\n    at /Users/amruthamuraleedharan/upstacks-node-api/node_modules/express-async-errors/index.js:17:20\n    at Layer.handle [as handle_request] (/Users/amruthamuraleedharan/upstacks-node-api/node_modules/express/lib/router/layer.js:95:5)\n    at /Users/amruthamuraleedharan/upstacks-node-api/node_modules/express/lib/router/index.js:281:22\n    at Function.process_params (/Users/amruthamuraleedharan/upstacks-node-api/node_modules/express/lib/router/index.js:335:12)\n    at next (/Users/amruthamuraleedharan/upstacks-node-api/node_modules/express/lib/router/index.js:275:10)\n    at Function.handle (/Users/amruthamuraleedharan/upstacks-node-api/node_modules/express/lib/router/index.js:174:3)\n    at router (/Users/amruthamuraleedharan/upstacks-node-api/node_modules/express/lib/router/index.js:47:12)\n    at /Users/amruthamuraleedharan/upstacks-node-api/node_modules/express-async-errors/index.js:17:20\n    at Layer.handle [as handle_request] (/Users/amruthamuraleedharan/upstacks-node-api/node_modules/express/lib/router/layer.js:95:5)\n    at trim_prefix (/Users/amruthamuraleedharan/upstacks-node-api/node_modules/express/lib/router/index.js:317:13)\n    at /Users/amruthamuraleedharan/upstacks-node-api/node_modules/express/lib/router/index.js:284:7","level":"error","timestamp":"2019-11-22T01:53:59.656Z"}
{"message":"validate is not defined","stack":"ReferenceError: validate is not defined\n    at router.post (/Users/amruthamuraleedharan/upstacks-node-api/routes/tags.js:13:18)\n    at /Users/amruthamuraleedharan/upstacks-node-api/node_modules/express-async-errors/index.js:17:20\n    at Layer.handle [as handle_request] (/Users/amruthamuraleedharan/upstacks-node-api/node_modules/express/lib/router/layer.js:95:5)\n    at next (/Users/amruthamuraleedharan/upstacks-node-api/node_modules/express/lib/router/route.js:137:13)\n    at Route.dispatch (/Users/amruthamuraleedharan/upstacks-node-api/node_modules/express/lib/router/route.js:112:3)\n    at /Users/amruthamuraleedharan/upstacks-node-api/node_modules/express-async-errors/index.js:17:20\n    at Layer.handle [as handle_request] (/Users/amruthamuraleedharan/upstacks-node-api/node_modules/express/lib/router/layer.js:95:5)\n    at /Users/amruthamuraleedharan/upstacks-node-api/node_modules/express/lib/router/index.js:281:22\n    at Function.process_params (/Users/amruthamuraleedharan/upstacks-node-api/node_modules/express/lib/router/index.js:335:12)\n    at next (/Users/amruthamuraleedharan/upstacks-node-api/node_modules/express/lib/router/index.js:275:10)\n    at Function.handle (/Users/amruthamuraleedharan/upstacks-node-api/node_modules/express/lib/router/index.js:174:3)\n    at router (/Users/amruthamuraleedharan/upstacks-node-api/node_modules/express/lib/router/index.js:47:12)\n    at /Users/amruthamuraleedharan/upstacks-node-api/node_modules/express-async-errors/index.js:17:20\n    at Layer.handle [as handle_request] (/Users/amruthamuraleedharan/upstacks-node-api/node_modules/express/lib/router/layer.js:95:5)\n    at trim_prefix (/Users/amruthamuraleedharan/upstacks-node-api/node_modules/express/lib/router/index.js:317:13)\n    at /Users/amruthamuraleedharan/upstacks-node-api/node_modules/express/lib/router/index.js:284:7","level":"error","timestamp":"2019-11-22T01:54:44.853Z"}
{"level":"info","message":"listening to port 3000","timestamp":"2019-11-22T01:55:29.431Z"}
{"level":"info","message":"Connected to mongodb://localhost/upstacks..","timestamp":"2019-11-22T01:55:29.456Z"}
{"level":"info","message":"listening to port 3000","timestamp":"2019-11-22T01:55:40.833Z"}
{"level":"info","message":"Connected to mongodb://localhost/upstacks..","timestamp":"2019-11-22T01:55:40.854Z"}
{"level":"info","message":"listening to port 3000","timestamp":"2019-11-22T01:57:11.306Z"}
{"level":"info","message":"Connected to mongodb://localhost/upstacks..","timestamp":"2019-11-22T01:57:11.327Z"}
{"level":"info","message":"listening to port 3000","timestamp":"2019-11-22T01:57:19.157Z"}
{"level":"info","message":"Connected to mongodb://localhost/upstacks..","timestamp":"2019-11-22T01:57:19.186Z"}
{"level":"info","message":"listening to port 3000","timestamp":"2019-11-22T01:58:06.792Z"}
{"level":"info","message":"Connected to mongodb://localhost/upstacks..","timestamp":"2019-11-22T01:58:06.813Z"}
{"level":"info","message":"listening to port 3000","timestamp":"2019-11-22T01:58:33.034Z"}
{"level":"info","message":"Connected to mongodb://localhost/upstacks..","timestamp":"2019-11-22T01:58:33.055Z"}
{"level":"info","message":"listening to port 3000","timestamp":"2019-11-22T02:06:07.861Z"}
{"level":"info","message":"Connected to mongodb://localhost/upstacks..","timestamp":"2019-11-22T02:06:07.883Z"}
{"level":"info","message":"listening to port 3000","timestamp":"2019-11-22T02:06:40.233Z"}
{"level":"info","message":"Connected to mongodb://localhost/upstacks..","timestamp":"2019-11-22T02:06:40.256Z"}
{"level":"info","message":"listening to port 3000","timestamp":"2019-11-22T02:13:29.257Z"}
{"level":"info","message":"Connected to mongodb://localhost/upstacks..","timestamp":"2019-11-22T02:13:29.288Z"}
{"level":"info","message":"listening to port 3000","timestamp":"2019-11-22T02:14:01.660Z"}
{"level":"info","message":"Connected to mongodb://localhost/upstacks..","timestamp":"2019-11-22T02:14:01.693Z"}
{"level":"info","message":"listening to port 3000","timestamp":"2019-11-22T02:30:34.189Z"}
{"level":"info","message":"Connected to mongodb://localhost/upstacks..","timestamp":"2019-11-22T02:30:34.214Z"}
{"level":"info","message":"listening to port 3000","timestamp":"2019-11-22T02:30:52.825Z"}
{"level":"info","message":"Connected to mongodb://localhost/upstacks..","timestamp":"2019-11-22T02:30:52.847Z"}
{"level":"info","message":"listening to port 3000","timestamp":"2019-11-22T02:30:56.937Z"}
{"level":"info","message":"Connected to mongodb://localhost/upstacks..","timestamp":"2019-11-22T02:30:56.960Z"}
{"level":"info","message":"listening to port 3000","timestamp":"2019-11-22T02:31:54.354Z"}
{"level":"info","message":"Connected to mongodb://localhost/upstacks..","timestamp":"2019-11-22T02:31:54.372Z"}
{"level":"info","message":"listening to port 3000","timestamp":"2019-11-22T03:00:17.601Z"}
{"level":"info","message":"Connected to mongodb://localhost/upstacks..","timestamp":"2019-11-22T03:00:17.626Z"}
{"level":"info","message":"listening to port 3000","timestamp":"2019-11-22T03:21:06.770Z"}
{"level":"info","message":"Connected to mongodb://localhost/upstacks..","timestamp":"2019-11-22T03:21:06.792Z"}
{"level":"info","message":"listening to port 3000","timestamp":"2019-11-22T03:22:32.111Z"}
{"level":"info","message":"Connected to mongodb://localhost/upstacks..","timestamp":"2019-11-22T03:22:32.135Z"}
{"level":"info","message":"listening to port 3000","timestamp":"2019-11-22T03:23:25.187Z"}
{"level":"info","message":"Connected to mongodb://localhost/upstacks..","timestamp":"2019-11-22T03:23:25.213Z"}
{"level":"info","message":"listening to port 3000","timestamp":"2019-11-22T03:29:21.823Z"}
{"level":"info","message":"Connected to mongodb://localhost/upstacks..","timestamp":"2019-11-22T03:29:21.845Z"}
{"level":"info","message":"listening to port 3000","timestamp":"2019-11-22T03:40:49.292Z"}
{"level":"info","message":"Connected to mongodb://localhost/upstacks..","timestamp":"2019-11-22T03:40:49.320Z"}
{"level":"info","message":"listening to port 3000","timestamp":"2019-11-22T03:40:53.311Z"}
{"level":"info","message":"Connected to mongodb://localhost/upstacks..","timestamp":"2019-11-22T03:40:53.330Z"}
{"level":"info","message":"listening to port 3000","timestamp":"2019-11-22T03:43:52.002Z"}
{"level":"info","message":"Connected to mongodb://localhost/upstacks..","timestamp":"2019-11-22T03:43:52.023Z"}
{"level":"info","message":"listening to port 3000","timestamp":"2019-11-22T03:44:06.339Z"}
{"level":"info","message":"Connected to mongodb://localhost/upstacks..","timestamp":"2019-11-22T03:44:06.360Z"}
{"level":"info","message":"listening to port 3000","timestamp":"2019-11-22T03:44:20.180Z"}
{"level":"info","message":"Connected to mongodb://localhost/upstacks..","timestamp":"2019-11-22T03:44:20.204Z"}
{"level":"info","message":"listening to port 3000","timestamp":"2019-11-22T03:47:06.582Z"}
{"level":"info","message":"Connected to mongodb://localhost/upstacks..","timestamp":"2019-11-22T03:47:06.608Z"}
{"level":"info","message":"listening to port 3000","timestamp":"2019-11-22T03:47:07.966Z"}
{"level":"info","message":"Connected to mongodb://localhost/upstacks..","timestamp":"2019-11-22T03:47:07.985Z"}
{"message":"tags.replace is not a function","stack":"TypeError: tags.replace is not a function\n    at router.post (/Users/amruthamuraleedharan/upstacks-node-api/routes/resources.js:36:15)\n    at /Users/amruthamuraleedharan/upstacks-node-api/node_modules/express-async-errors/index.js:17:20\n    at Layer.handle [as handle_request] (/Users/amruthamuraleedharan/upstacks-node-api/node_modules/express/lib/router/layer.js:95:5)\n    at next (/Users/amruthamuraleedharan/upstacks-node-api/node_modules/express/lib/router/route.js:137:13)\n    at Route.dispatch (/Users/amruthamuraleedharan/upstacks-node-api/node_modules/express/lib/router/route.js:112:3)\n    at /Users/amruthamuraleedharan/upstacks-node-api/node_modules/express-async-errors/index.js:17:20\n    at Layer.handle [as handle_request] (/Users/amruthamuraleedharan/upstacks-node-api/node_modules/express/lib/router/layer.js:95:5)\n    at /Users/amruthamuraleedharan/upstacks-node-api/node_modules/express/lib/router/index.js:281:22\n    at Function.process_params (/Users/amruthamuraleedharan/upstacks-node-api/node_modules/express/lib/router/index.js:335:12)\n    at next (/Users/amruthamuraleedharan/upstacks-node-api/node_modules/express/lib/router/index.js:275:10)\n    at Function.handle (/Users/amruthamuraleedharan/upstacks-node-api/node_modules/express/lib/router/index.js:174:3)\n    at router (/Users/amruthamuraleedharan/upstacks-node-api/node_modules/express/lib/router/index.js:47:12)\n    at /Users/amruthamuraleedharan/upstacks-node-api/node_modules/express-async-errors/index.js:17:20\n    at Layer.handle [as handle_request] (/Users/amruthamuraleedharan/upstacks-node-api/node_modules/express/lib/router/layer.js:95:5)\n    at trim_prefix (/Users/amruthamuraleedharan/upstacks-node-api/node_modules/express/lib/router/index.js:317:13)\n    at /Users/amruthamuraleedharan/upstacks-node-api/node_modules/express/lib/router/index.js:284:7","level":"error","timestamp":"2019-11-22T03:47:19.888Z"}
{"message":"tags.replace is not a function","stack":"TypeError: tags.replace is not a function\n    at router.post (/Users/amruthamuraleedharan/upstacks-node-api/routes/resources.js:36:15)\n    at /Users/amruthamuraleedharan/upstacks-node-api/node_modules/express-async-errors/index.js:17:20\n    at Layer.handle [as handle_request] (/Users/amruthamuraleedharan/upstacks-node-api/node_modules/express/lib/router/layer.js:95:5)\n    at next (/Users/amruthamuraleedharan/upstacks-node-api/node_modules/express/lib/router/route.js:137:13)\n    at Route.dispatch (/Users/amruthamuraleedharan/upstacks-node-api/node_modules/express/lib/router/route.js:112:3)\n    at /Users/amruthamuraleedharan/upstacks-node-api/node_modules/express-async-errors/index.js:17:20\n    at Layer.handle [as handle_request] (/Users/amruthamuraleedharan/upstacks-node-api/node_modules/express/lib/router/layer.js:95:5)\n    at /Users/amruthamuraleedharan/upstacks-node-api/node_modules/express/lib/router/index.js:281:22\n    at Function.process_params (/Users/amruthamuraleedharan/upstacks-node-api/node_modules/express/lib/router/index.js:335:12)\n    at next (/Users/amruthamuraleedharan/upstacks-node-api/node_modules/express/lib/router/index.js:275:10)\n    at Function.handle (/Users/amruthamuraleedharan/upstacks-node-api/node_modules/express/lib/router/index.js:174:3)\n    at router (/Users/amruthamuraleedharan/upstacks-node-api/node_modules/express/lib/router/index.js:47:12)\n    at /Users/amruthamuraleedharan/upstacks-node-api/node_modules/express-async-errors/index.js:17:20\n    at Layer.handle [as handle_request] (/Users/amruthamuraleedharan/upstacks-node-api/node_modules/express/lib/router/layer.js:95:5)\n    at trim_prefix (/Users/amruthamuraleedharan/upstacks-node-api/node_modules/express/lib/router/index.js:317:13)\n    at /Users/amruthamuraleedharan/upstacks-node-api/node_modules/express/lib/router/index.js:284:7","level":"error","timestamp":"2019-11-22T03:47:30.168Z"}
{"level":"info","message":"listening to port 3000","timestamp":"2019-11-22T03:48:02.623Z"}
{"level":"info","message":"Connected to mongodb://localhost/upstacks..","timestamp":"2019-11-22T03:48:02.643Z"}
{"level":"info","message":"listening to port 3000","timestamp":"2019-11-22T03:49:22.853Z"}
{"level":"info","message":"Connected to mongodb://localhost/upstacks..","timestamp":"2019-11-22T03:49:22.879Z"}
{"level":"info","message":"listening to port 3000","timestamp":"2019-11-22T03:49:25.259Z"}
{"level":"info","message":"Connected to mongodb://localhost/upstacks..","timestamp":"2019-11-22T03:49:25.283Z"}
{"level":"info","message":"listening to port 3000","timestamp":"2019-11-22T03:54:51.281Z"}
{"level":"info","message":"Connected to mongodb://localhost/upstacks..","timestamp":"2019-11-22T03:54:51.493Z"}
{"level":"info","message":"listening to port 3000","timestamp":"2019-11-22T03:55:01.271Z"}
{"level":"info","message":"Connected to mongodb://localhost/upstacks..","timestamp":"2019-11-22T03:55:01.310Z"}
{"level":"info","message":"listening to port 3000","timestamp":"2019-11-22T03:56:18.322Z"}
{"level":"info","message":"Connected to mongodb://localhost/upstacks..","timestamp":"2019-11-22T03:56:18.405Z"}
{"level":"info","message":"listening to port 3000","timestamp":"2019-11-22T03:56:52.829Z"}
{"level":"info","message":"Connected to mongodb://localhost/upstacks..","timestamp":"2019-11-22T03:56:53.059Z"}
{"level":"info","message":"listening to port 3000","timestamp":"2019-11-22T04:55:36.269Z"}
{"level":"info","message":"Connected to mongodb://localhost/upstacks..","timestamp":"2019-11-22T04:55:36.285Z"}
{"level":"info","message":"listening to port 3000","timestamp":"2019-11-22T04:56:00.862Z"}
{"level":"info","message":"Connected to mongodb://localhost/upstacks..","timestamp":"2019-11-22T04:56:00.897Z"}
{"level":"info","message":"listening to port 3000","timestamp":"2019-11-22T04:56:20.058Z"}
{"level":"info","message":"Connected to mongodb://localhost/upstacks..","timestamp":"2019-11-22T04:56:20.076Z"}
{"level":"info","message":"listening to port 3000","timestamp":"2019-11-22T05:01:14.505Z"}
{"level":"info","message":"Connected to mongodb://localhost/upstacks..","timestamp":"2019-11-22T05:01:14.530Z"}
{"level":"info","message":"listening to port 3000","timestamp":"2019-11-22T05:01:32.958Z"}
{"level":"info","message":"Connected to mongodb://localhost/upstacks..","timestamp":"2019-11-22T05:01:32.980Z"}
{"level":"info","message":"listening to port 3000","timestamp":"2019-11-22T05:01:36.495Z"}
{"level":"info","message":"Connected to mongodb://localhost/upstacks..","timestamp":"2019-11-22T05:01:36.521Z"}
